<link rel="stylesheet" href="/static/style.css">

<div class="dashboard">

<h2>Audit Logs</h2>

{% for log in logs %}

<div class="card">
{{log}}
</div>

{% endfor %}

</div>[2026-03-08 19:04:09.728848] USER:admin ACTION:LOGIN
[2026-03-08 19:04:29.647589] USER:admin ACTION:UPLOAD evidence1.jpg
[2026-03-08 19:07:17.322241] USER:admin ACTION:VERIFY evidence1.jpg
[2026-03-08 19:07:26.625326] USER:admin ACTION:LOGOUT
[2026-03-08 19:07:33.756404] USER:auditor ACTION:LOGIN
[2026-03-08 19:12:52.054493] USER:auditor ACTION:LOGOUT
[2026-03-08 19:12:58.106128] USER:admin ACTION:LOGIN
[2026-03-08 19:14:09.563323] USER:admin ACTION:LOGOUT
[2026-03-08 19:14:57.599240] USER:auditor ACTION:LOGIN
[2026-03-08 19:15:09.819247] USER:auditor ACTION:UPLOAD evidence1.jpg
[2026-03-08 19:15:23.010075] USER:auditor ACTION:VERIFY evidence1.jpg
[2026-03-09 00:57:51.574945] USER:auditor ACTION:LOGOUT
[2026-03-09 00:58:36.846938] USER:admin ACTION:LOGIN
[2026-03-09 00:58:56.854062] USER:admin ACTION:LOGOUT
[2026-03-09 00:59:01.437854] USER:auditor ACTION:LOGIN
[2026-03-09 00:59:03.441865] USER:auditor ACTION:LOGOUT
[2026-03-09 01:00:10.205862] USER:admin ACTION:LOGIN
[2026-03-09 01:00:23.171909] USER:admin ACTION:LOGOUT
[2026-03-11 14:24:52.386527] USER:admin ACTION:LOGIN
[2026-03-11 14:26:27.187464] USER:admin ACTION:UPLOAD gettyimages-1659689959-612x612.jpg
[2026-03-11 14:26:53.837880] USER:admin ACTION:VERIFY gettyimages-1659689959-612x612.jpg
[2026-03-11 14:27:15.134890] USER:admin ACTION:TAMPER DETECTED Amulya_image.jpeg
[2026-03-11 14:27:35.522734] USER:admin ACTION:UPLOAD Amulya_image.jpeg
[2026-03-11 14:28:24.204091] USER:admin ACTION:VERIFY Amulya_image.jpeg
[2026-03-11 14:28:42.537080] USER:admin ACTION:LOGOUT
[2026-03-11 14:29:29.482639] USER:admin ACTION:LOGIN
[2026-03-11 14:30:23.267811] USER:admin ACTION:VERIFY Amulya_image.jpeg
[2026-03-11 14:39:27.084028] USER:admin ACTION:LOGIN
[2026-03-11 14:39:35.815136] USER:admin ACTION:LOGOUT
[2026-03-16 17:06:21.194661] USER:admin ACTION:LOGIN
